<?xml version="1.0" encoding="UTF-8"?>
<!-- Generated by org.testng.reporters.JUnitReportReporter -->
<testsuite hostname="LAPTOP-9V0330NV" failures="0" tests="2" name="com.alok.AppTest" time="0.064" errors="0" timestamp="2022-11-01T23:24:10 IST" skipped="0">
  <testcase classname="com.alok.AppTest" name="testlogin2" time="0.013"/>
  <system-out/>
  <testcase classname="com.alok.AppTest" name="testlogin1" time="0.051"/>
  <system-out/>
</testsuite> <!-- com.alok.AppTest -->
