<?xml version="1.0" encoding="UTF-8"?>
<!-- Generated by org.testng.reporters.JUnitReportReporter -->
<testsuite hostname="LAPTOP-9V0330NV" failures="0" tests="1" name="com.alok.T_LOGIN" time="13.662" errors="0" timestamp="2022-11-01T23:32:30 IST" skipped="0">
  <testcase classname="com.alok.T_LOGIN" name="Login" time="13.662"/>
  <system-out/>
</testsuite> <!-- com.alok.T_LOGIN -->
